<?xml version="1.0" encoding="UTF-8"?>
<!-- Generated by org.testng.reporters.JUnitReportReporter -->
<testsuite hostname="DESKTOP-QLV79IG" failures="0" tests="1" name="com.purna.runner.RunPurnaTest" time="17.743" errors="0" timestamp="2023-09-01T17:19:41 IST" skipped="0">
  <testcase classname="com.purna.runner.RunPurnaTest" name="runScenario" time="17.743"/>
  <system-out/>
</testsuite> <!-- com.purna.runner.RunPurnaTest -->
